Using pre-set license
Built from '2021.3/staging' branch; Version is '2021.3.21f1 (1b156197d683) revision 1774945'; Using compiler version '192829333'; Build Type 'Release'
OS: 'Windows 10  (10.0.19044) 64bit CoreSingleLanguage' Language: 'en' Physical Memory: 16205 MB
BatchMode: 1, IsHumanControllingUs: 0, StartBugReporterOnCrash: 0, Is64bit: 1, IsPro: 1

COMMAND LINE ARGUMENTS:
C:\Program Files\Unity\Hub\Editor\2021.3.21f1\Editor\Unity.exe
-adb2
-batchMode
-noUpm
-name
AssetImportWorker1
-projectPath
C:/Users/NNT.Koala/OneDrive/Tài liệu/GitHub/Project1/StackMaker
-logFile
Logs/AssetImportWorker1.log
-srvPort
51811
Successfully changed project path to: C:/Users/NNT.Koala/OneDrive/Tài liệu/GitHub/Project1/StackMaker
C:/Users/NNT.Koala/OneDrive/Tài liệu/GitHub/Project1/StackMaker
[UnityMemory] Configuration Parameters - Can be set up in boot.config
    "memorysetup-bucket-allocator-granularity=16"
    "memorysetup-bucket-allocator-bucket-count=8"
    "memorysetup-bucket-allocator-block-size=33554432"
    "memorysetup-bucket-allocator-block-count=8"
    "memorysetup-main-allocator-block-size=16777216"
    "memorysetup-thread-allocator-block-size=16777216"
    "memorysetup-gfx-main-allocator-block-size=16777216"
    "memorysetup-gfx-thread-allocator-block-size=16777216"
    "memorysetup-cache-allocator-block-size=4194304"
    "memorysetup-typetree-allocator-block-size=2097152"
    "memorysetup-profiler-bucket-allocator-granularity=16"
    "memorysetup-profiler-bucket-allocator-bucket-count=8"
    "memorysetup-profiler-bucket-allocator-block-size=33554432"
    "memorysetup-profiler-bucket-allocator-block-count=8"
    "memorysetup-profiler-allocator-block-size=16777216"
    "memorysetup-profiler-editor-allocator-block-size=1048576"
    "memorysetup-temp-allocator-size-main=16777216"
    "memorysetup-job-temp-allocator-block-size=2097152"
    "memorysetup-job-temp-allocator-block-size-background=1048576"
    "memorysetup-job-temp-allocator-reduction-small-platforms=262144"
    "memorysetup-temp-allocator-size-background-worker=32768"
    "memorysetup-temp-allocator-size-job-worker=262144"
    "memorysetup-temp-allocator-size-preload-manager=33554432"
    "memorysetup-temp-allocator-size-nav-mesh-worker=65536"
    "memorysetup-temp-allocator-size-audio-worker=65536"
    "memorysetup-temp-allocator-size-cloud-worker=32768"
    "memorysetup-temp-allocator-size-gi-baking-worker=262144"
    "memorysetup-temp-allocator-size-gfx=262144"
Player connection [11192] Host "[IP] 26.124.15.71 [Port] 0 [Flags] 2 [Guid] 1022633081 [EditorId] 1022633081 [Version] 1048832 [Id] WindowsEditor(7,MSI) [Debug] 1 [PackageName] WindowsEditor [ProjectName] Editor" joined multi-casting on [225.0.0.222:54997]...

Player connection [11192] Host "[IP] 26.124.15.71 [Port] 0 [Flags] 2 [Guid] 1022633081 [EditorId] 1022633081 [Version] 1048832 [Id] WindowsEditor(7,MSI) [Debug] 1 [PackageName] WindowsEditor [ProjectName] Editor" joined alternative multi-casting on [225.0.0.222:34997]...

Refreshing native plugins compatible for Editor in 77.15 ms, found 3 plugins.
Preloading 0 native plugins for Editor in 0.00 ms.
Initialize engine version: 2021.3.21f1 (1b156197d683)
[Subsystems] Discovering subsystems at path C:/Program Files/Unity/Hub/Editor/2021.3.21f1/Editor/Data/Resources/UnitySubsystems
[Subsystems] Discovering subsystems at path C:/Users/NNT.Koala/OneDrive/Tài liệu/GitHub/Project1/StackMaker/Assets
GfxDevice: creating device client; threaded=0; jobified=0
Direct3D:
    Version:  Direct3D 11.0 [level 11.1]
    Renderer: NVIDIA GeForce GTX 1650 Ti (ID=0x1f95)
    Vendor:   NVIDIA
    VRAM:     3962 MB
    Driver:   30.0.15.1277
Initialize mono
Mono path[0] = 'C:/Program Files/Unity/Hub/Editor/2021.3.21f1/Editor/Data/Managed'
Mono path[1] = 'C:/Program Files/Unity/Hub/Editor/2021.3.21f1/Editor/Data/MonoBleedingEdge/lib/mono/unityjit-win32'
Mono config path = 'C:/Program Files/Unity/Hub/Editor/2021.3.21f1/Editor/Data/MonoBleedingEdge/etc'
Using monoOptions --debugger-agent=transport=dt_socket,embedding=1,server=y,suspend=n,address=127.0.0.1:56944
Begin MonoManager ReloadAssembly
Registering precompiled unity dll's ...
Register platform support module: C:/Program Files/Unity/Hub/Editor/2021.3.21f1/Editor/Data/PlaybackEngines/AndroidPlayer/UnityEditor.Android.Extensions.dll
Register platform support module: C:/Program Files/Unity/Hub/Editor/2021.3.21f1/Editor/Data/PlaybackEngines/WindowsStandaloneSupport/UnityEditor.WindowsStandalone.Extensions.dll
Registered in 0.007366 seconds.
Native extension for WindowsStandalone target not found
Native extension for Android target not found
Android Extension - Scanning For ADB Devices 195 ms
Refreshing native plugins compatible for Editor in 70.82 ms, found 3 plugins.
Preloading 0 native plugins for Editor in 0.00 ms.
Mono: successfully reloaded assembly
- Completed reload, in  0.806 seconds
Domain Reload Profiling:
	ReloadAssembly (806ms)
		BeginReloadAssembly (77ms)
			ExecutionOrderSort (0ms)
			DisableScriptedObjects (0ms)
			BackupInstance (0ms)
			ReleaseScriptingObjects (0ms)
			CreateAndSetChildDomain (1ms)
		EndReloadAssembly (636ms)
			LoadAssemblies (75ms)
			RebuildTransferFunctionScriptingTraits (0ms)
			SetupTypeCache (98ms)
			ReleaseScriptCaches (0ms)
			RebuildScriptCaches (26ms)
			SetupLoadedEditorAssemblies (465ms)
				LogAssemblyErrors (0ms)
				InitializePlatformSupportModulesInManaged (259ms)
				SetLoadedEditorAssemblies (0ms)
				RefreshPlugins (71ms)
				BeforeProcessingInitializeOnLoad (2ms)
				ProcessInitializeOnLoadAttributes (92ms)
				ProcessInitializeOnLoadMethodAttributes (42ms)
				AfterProcessingInitializeOnLoad (0ms)
				EditorAssembliesLoaded (0ms)
			ExecutionOrderSort2 (0ms)
			AwakeInstancesAfterBackupRestoration (0ms)
Platform modules already initialized, skipping
Registering precompiled user dll's ...
Registered in 0.005209 seconds.
Begin MonoManager ReloadAssembly
Symbol file LoadedFromMemory doesn't match image C:\Users\NNT.Koala\OneDrive\Tài liệu\GitHub\Project1\StackMaker\Library\PackageCache\com.unity.visualscripting@1.8.0\Editor\VisualScripting.Core\Dependencies\YamlDotNet\Unity.VisualScripting.YamlDotNet.dll
Symbol file LoadedFromMemory doesn't match image C:\Users\NNT.Koala\OneDrive\Tài liệu\GitHub\Project1\StackMaker\Library\PackageCache\com.unity.visualscripting@1.8.0\Editor\VisualScripting.Core\Dependencies\DotNetZip\Unity.VisualScripting.IonicZip.dll
Native extension for WindowsStandalone target not found
Native extension for Android target not found
Refreshing native plugins compatible for Editor in 0.47 ms, found 3 plugins.
Preloading 0 native plugins for Editor in 0.00 ms.
Mono: successfully reloaded assembly
- Completed reload, in  0.930 seconds
Domain Reload Profiling:
	ReloadAssembly (931ms)
		BeginReloadAssembly (111ms)
			ExecutionOrderSort (0ms)
			DisableScriptedObjects (5ms)
			BackupInstance (0ms)
			ReleaseScriptingObjects (0ms)
			CreateAndSetChildDomain (19ms)
		EndReloadAssembly (717ms)
			LoadAssemblies (82ms)
			RebuildTransferFunctionScriptingTraits (0ms)
			SetupTypeCache (245ms)
			ReleaseScriptCaches (1ms)
			RebuildScriptCaches (49ms)
			SetupLoadedEditorAssemblies (312ms)
				LogAssemblyErrors (0ms)
				InitializePlatformSupportModulesInManaged (16ms)
				SetLoadedEditorAssemblies (0ms)
				RefreshPlugins (1ms)
				BeforeProcessingInitializeOnLoad (75ms)
				ProcessInitializeOnLoadAttributes (195ms)
				ProcessInitializeOnLoadMethodAttributes (17ms)
				AfterProcessingInitializeOnLoad (7ms)
				EditorAssembliesLoaded (0ms)
			ExecutionOrderSort2 (0ms)
			AwakeInstancesAfterBackupRestoration (5ms)
Platform modules already initialized, skipping
========================================================================
Worker process is ready to serve import requests
Launched and connected shader compiler UnityShaderCompiler.exe after 0.03 seconds
Refreshing native plugins compatible for Editor in 0.50 ms, found 3 plugins.
Preloading 0 native plugins for Editor in 0.00 ms.
Unloading 3047 Unused Serialized files (Serialized files now loaded: 0)
Unloading 22 unused Assets / (56.5 KB). Loaded Objects now: 3511.
Memory consumption went from 107.5 MB to 107.5 MB.
Total: 2.462500 ms (FindLiveObjects: 0.234200 ms CreateObjectMapping: 0.199200 ms MarkObjects: 1.971300 ms  DeleteObjects: 0.057100 ms)

AssetImportParameters requested are different than current active one (requested -> active):
  custom:video-decoder-ogg-theora: a1e56fd34408186e4bbccfd4996cb3dc -> 
  custom:container-muxer-webm: aa71ff27fc2769a1b78a27578f13a17b -> 
  custom:container-demuxer-webm: 4f35f7cbe854078d1ac9338744f61a02 -> 
  custom:video-encoder-webm-vp8: eb34c28f22e8b96e1ab97ce403110664 -> 
  custom:audio-encoder-webm-vorbis: bf7c407c2cedff20999df2af8eb42d56 -> 
  custom:framework-win-MediaFoundation: 216162199b28c13a410421893ffa2e32 -> 
  custom:container-demuxer-ogg: 62fdf1f143b41e24485cea50d1cbac27 -> 
  custom:video-decoder-webm-vp8: 9c59270c3fd7afecdb556c50c9e8de78 -> 
  custom:audio-decoder-ogg-vorbis: bf7c407c2cedff20999df2af8eb42d56 -> 
========================================================================
Received Import Request.
  Time since last request: 7020.061642 seconds.
  path: Assets/Stack Maker/Scenes/test.unity
  artifactKey: Guid(d642cbd67316eb047a0113d9c30f04ff) Importer(815301076,1909f56bfc062723c751e8b465ee728b)
Start importing Assets/Stack Maker/Scenes/test.unity using Guid(d642cbd67316eb047a0113d9c30f04ff) Importer(815301076,1909f56bfc062723c751e8b465ee728b)  -> (artifact id: '6dcfe908d2b8108cff7158c831d1030e') in 0.009224 seconds 
========================================================================
Received Import Request.
  Time since last request: 291.714400 seconds.
  path: Assets/Stack Maker/Prelab/Line.prefab
  artifactKey: Guid(a0d43700f83fef945930513ebfeaf560) Importer(815301076,1909f56bfc062723c751e8b465ee728b)
Start importing Assets/Stack Maker/Prelab/Line.prefab using Guid(a0d43700f83fef945930513ebfeaf560) Importer(815301076,1909f56bfc062723c751e8b465ee728b)  -> (artifact id: '9d79e9e5374f4fd9c3b11fd2ea5fed35') in 0.098411 seconds 
========================================================================
Received Import Request.
  Time since last request: 800.083148 seconds.
  path: Assets/Stack Maker/_MazeMakerAssets/Resources/Font/0.png
  artifactKey: Guid(c616d340884ee45498d499c986653482) Importer(815301076,1909f56bfc062723c751e8b465ee728b)
Start importing Assets/Stack Maker/_MazeMakerAssets/Resources/Font/0.png using Guid(c616d340884ee45498d499c986653482) Importer(815301076,1909f56bfc062723c751e8b465ee728b)  -> (artifact id: '2b5753ba9f1be1b639ebac728413c4af') in 0.044792 seconds 
========================================================================
Received Import Request.
  Time since last request: 0.000022 seconds.
  path: Assets/Stack Maker/_MazeMakerAssets/Resources/Font/。(1).png
  artifactKey: Guid(9ab364a58df565947abae6f291a260c7) Importer(815301076,1909f56bfc062723c751e8b465ee728b)
Start importing Assets/Stack Maker/_MazeMakerAssets/Resources/Font/。(1).png using Guid(9ab364a58df565947abae6f291a260c7) Importer(815301076,1909f56bfc062723c751e8b465ee728b)  -> (artifact id: 'f91d365152a994ac04490e0db7e1d167') in 0.017093 seconds 
========================================================================
Received Import Request.
  Time since last request: 0.000019 seconds.
  path: Assets/Stack Maker/_MazeMakerAssets/Resources/Font/2.png
  artifactKey: Guid(516456f2a900cbd44b950e6f9b441c77) Importer(815301076,1909f56bfc062723c751e8b465ee728b)
Start importing Assets/Stack Maker/_MazeMakerAssets/Resources/Font/2.png using Guid(516456f2a900cbd44b950e6f9b441c77) Importer(815301076,1909f56bfc062723c751e8b465ee728b)  -> (artifact id: '48d74e3143a20192c4344f0e05856742') in 0.012454 seconds 
========================================================================
Received Import Request.
  Time since last request: 0.000021 seconds.
  path: Assets/Stack Maker/_MazeMakerAssets/Resources/Font/7.png
  artifactKey: Guid(dd25e4483db4a4246a2dcf51f5da2395) Importer(815301076,1909f56bfc062723c751e8b465ee728b)
Start importing Assets/Stack Maker/_MazeMakerAssets/Resources/Font/7.png using Guid(dd25e4483db4a4246a2dcf51f5da2395) Importer(815301076,1909f56bfc062723c751e8b465ee728b)  -> (artifact id: '26f439a77f7b4c63062863df40820538') in 0.011461 seconds 
========================================================================
Received Import Request.
  Time since last request: 0.000022 seconds.
  path: Assets/Stack Maker/_MazeMakerAssets/Resources/Font/6.png
  artifactKey: Guid(10fe2add151745e488f6d094a198751c) Importer(815301076,1909f56bfc062723c751e8b465ee728b)
Start importing Assets/Stack Maker/_MazeMakerAssets/Resources/Font/6.png using Guid(10fe2add151745e488f6d094a198751c) Importer(815301076,1909f56bfc062723c751e8b465ee728b)  -> (artifact id: '288a083491ce8b1d4d4554b3a3020c07') in 0.011889 seconds 
========================================================================
Received Import Request.
  Time since last request: 0.000015 seconds.
  path: Assets/Stack Maker/_MazeMakerAssets/Resources/Font/8.png
  artifactKey: Guid(388cde3223892f74898a4ea5db16eacd) Importer(815301076,1909f56bfc062723c751e8b465ee728b)
Start importing Assets/Stack Maker/_MazeMakerAssets/Resources/Font/8.png using Guid(388cde3223892f74898a4ea5db16eacd) Importer(815301076,1909f56bfc062723c751e8b465ee728b)  -> (artifact id: '6164408cc44c7f326b0095fd3174a5f7') in 0.012297 seconds 
========================================================================
Received Import Request.
  Time since last request: 0.000015 seconds.
  path: Assets/Stack Maker/_MazeMakerAssets/Resources/Font/5.png
  artifactKey: Guid(37f2e33779647884c8b0e7040dd7f2a5) Importer(815301076,1909f56bfc062723c751e8b465ee728b)
Start importing Assets/Stack Maker/_MazeMakerAssets/Resources/Font/5.png using Guid(37f2e33779647884c8b0e7040dd7f2a5) Importer(815301076,1909f56bfc062723c751e8b465ee728b)  -> (artifact id: 'dd151e9b3fda790634b623f1e1ac011b') in 0.012421 seconds 
========================================================================
Received Import Request.
  Time since last request: 0.000015 seconds.
  path: Assets/Stack Maker/_MazeMakerAssets/Resources/Font/getfont.asset
  artifactKey: Guid(62500ed860023c7479e77e2c30dc6c9e) Importer(815301076,1909f56bfc062723c751e8b465ee728b)
Start importing Assets/Stack Maker/_MazeMakerAssets/Resources/Font/getfont.asset using Guid(62500ed860023c7479e77e2c30dc6c9e) Importer(815301076,1909f56bfc062723c751e8b465ee728b)  -> (artifact id: 'ea36bec150515de422309a65eb3302ab') in 0.003236 seconds 
Editor requested this worker to shutdown with reason: Scaling down because of idle timeout
AssetImportWorker is now disconnected from the server
Process exiting
Exiting without the bug reporter. Application will terminate with return code 0