Using pre-set license
Built from '2021.3/staging' branch; Version is '2021.3.21f1 (1b156197d683) revision 1774945'; Using compiler version '192829333'; Build Type 'Release'
OS: 'Windows 10  (10.0.19044) 64bit CoreSingleLanguage' Language: 'en' Physical Memory: 16205 MB
BatchMode: 1, IsHumanControllingUs: 0, StartBugReporterOnCrash: 0, Is64bit: 1, IsPro: 1

COMMAND LINE ARGUMENTS:
C:\Program Files\Unity\Hub\Editor\2021.3.21f1\Editor\Unity.exe
-adb2
-batchMode
-noUpm
-name
AssetImportWorker2
-projectPath
C:/Users/NNT.Koala/OneDrive/Tài liệu/GitHub/Project1/StackMaker
-logFile
Logs/AssetImportWorker2.log
-srvPort
51811
Successfully changed project path to: C:/Users/NNT.Koala/OneDrive/Tài liệu/GitHub/Project1/StackMaker
C:/Users/NNT.Koala/OneDrive/Tài liệu/GitHub/Project1/StackMaker
[UnityMemory] Configuration Parameters - Can be set up in boot.config
    "memorysetup-bucket-allocator-granularity=16"
    "memorysetup-bucket-allocator-bucket-count=8"
    "memorysetup-bucket-allocator-block-size=33554432"
    "memorysetup-bucket-allocator-block-count=8"
    "memorysetup-main-allocator-block-size=16777216"
    "memorysetup-thread-allocator-block-size=16777216"
    "memorysetup-gfx-main-allocator-block-size=16777216"
    "memorysetup-gfx-thread-allocator-block-size=16777216"
    "memorysetup-cache-allocator-block-size=4194304"
    "memorysetup-typetree-allocator-block-size=2097152"
    "memorysetup-profiler-bucket-allocator-granularity=16"
    "memorysetup-profiler-bucket-allocator-bucket-count=8"
    "memorysetup-profiler-bucket-allocator-block-size=33554432"
    "memorysetup-profiler-bucket-allocator-block-count=8"
    "memorysetup-profiler-allocator-block-size=16777216"
    "memorysetup-profiler-editor-allocator-block-size=1048576"
    "memorysetup-temp-allocator-size-main=16777216"
    "memorysetup-job-temp-allocator-block-size=2097152"
    "memorysetup-job-temp-allocator-block-size-background=1048576"
    "memorysetup-job-temp-allocator-reduction-small-platforms=262144"
    "memorysetup-temp-allocator-size-background-worker=32768"
    "memorysetup-temp-allocator-size-job-worker=262144"
    "memorysetup-temp-allocator-size-preload-manager=33554432"
    "memorysetup-temp-allocator-size-nav-mesh-worker=65536"
    "memorysetup-temp-allocator-size-audio-worker=65536"
    "memorysetup-temp-allocator-size-cloud-worker=32768"
    "memorysetup-temp-allocator-size-gi-baking-worker=262144"
    "memorysetup-temp-allocator-size-gfx=262144"
Player connection [7656] Host "[IP] 26.124.15.71 [Port] 0 [Flags] 2 [Guid] 2011934148 [EditorId] 2011934148 [Version] 1048832 [Id] WindowsEditor(7,MSI) [Debug] 1 [PackageName] WindowsEditor [ProjectName] Editor" joined multi-casting on [225.0.0.222:54997]...

Player connection [7656] Host "[IP] 26.124.15.71 [Port] 0 [Flags] 2 [Guid] 2011934148 [EditorId] 2011934148 [Version] 1048832 [Id] WindowsEditor(7,MSI) [Debug] 1 [PackageName] WindowsEditor [ProjectName] Editor" joined alternative multi-casting on [225.0.0.222:34997]...

Refreshing native plugins compatible for Editor in 64.13 ms, found 3 plugins.
Preloading 0 native plugins for Editor in 0.00 ms.
Initialize engine version: 2021.3.21f1 (1b156197d683)
[Subsystems] Discovering subsystems at path C:/Program Files/Unity/Hub/Editor/2021.3.21f1/Editor/Data/Resources/UnitySubsystems
[Subsystems] Discovering subsystems at path C:/Users/NNT.Koala/OneDrive/Tài liệu/GitHub/Project1/StackMaker/Assets
GfxDevice: creating device client; threaded=0; jobified=0
Direct3D:
    Version:  Direct3D 11.0 [level 11.1]
    Renderer: NVIDIA GeForce GTX 1650 Ti (ID=0x1f95)
    Vendor:   NVIDIA
    VRAM:     3962 MB
    Driver:   30.0.15.1277
Initialize mono
Mono path[0] = 'C:/Program Files/Unity/Hub/Editor/2021.3.21f1/Editor/Data/Managed'
Mono path[1] = 'C:/Program Files/Unity/Hub/Editor/2021.3.21f1/Editor/Data/MonoBleedingEdge/lib/mono/unityjit-win32'
Mono config path = 'C:/Program Files/Unity/Hub/Editor/2021.3.21f1/Editor/Data/MonoBleedingEdge/etc'
Using monoOptions --debugger-agent=transport=dt_socket,embedding=1,server=y,suspend=n,address=127.0.0.1:56616
Begin MonoManager ReloadAssembly
Registering precompiled unity dll's ...
Register platform support module: C:/Program Files/Unity/Hub/Editor/2021.3.21f1/Editor/Data/PlaybackEngines/AndroidPlayer/UnityEditor.Android.Extensions.dll
Register platform support module: C:/Program Files/Unity/Hub/Editor/2021.3.21f1/Editor/Data/PlaybackEngines/WindowsStandaloneSupport/UnityEditor.WindowsStandalone.Extensions.dll
Registered in 0.006922 seconds.
Native extension for WindowsStandalone target not found
Native extension for Android target not found
Android Extension - Scanning For ADB Devices 186 ms
Refreshing native plugins compatible for Editor in 64.35 ms, found 3 plugins.
Preloading 0 native plugins for Editor in 0.00 ms.
Mono: successfully reloaded assembly
- Completed reload, in  0.736 seconds
Domain Reload Profiling:
	ReloadAssembly (736ms)
		BeginReloadAssembly (72ms)
			ExecutionOrderSort (0ms)
			DisableScriptedObjects (0ms)
			BackupInstance (0ms)
			ReleaseScriptingObjects (0ms)
			CreateAndSetChildDomain (1ms)
		EndReloadAssembly (577ms)
			LoadAssemblies (71ms)
			RebuildTransferFunctionScriptingTraits (0ms)
			SetupTypeCache (91ms)
			ReleaseScriptCaches (0ms)
			RebuildScriptCaches (25ms)
			SetupLoadedEditorAssemblies (417ms)
				LogAssemblyErrors (0ms)
				InitializePlatformSupportModulesInManaged (240ms)
				SetLoadedEditorAssemblies (0ms)
				RefreshPlugins (64ms)
				BeforeProcessingInitializeOnLoad (1ms)
				ProcessInitializeOnLoadAttributes (75ms)
				ProcessInitializeOnLoadMethodAttributes (36ms)
				AfterProcessingInitializeOnLoad (0ms)
				EditorAssembliesLoaded (0ms)
			ExecutionOrderSort2 (0ms)
			AwakeInstancesAfterBackupRestoration (0ms)
Platform modules already initialized, skipping
Registering precompiled user dll's ...
Registered in 0.004665 seconds.
Begin MonoManager ReloadAssembly
Symbol file LoadedFromMemory doesn't match image C:\Users\NNT.Koala\OneDrive\Tài liệu\GitHub\Project1\StackMaker\Library\PackageCache\com.unity.visualscripting@1.8.0\Editor\VisualScripting.Core\Dependencies\YamlDotNet\Unity.VisualScripting.YamlDotNet.dll
Symbol file LoadedFromMemory doesn't match image C:\Users\NNT.Koala\OneDrive\Tài liệu\GitHub\Project1\StackMaker\Library\PackageCache\com.unity.visualscripting@1.8.0\Editor\VisualScripting.Core\Dependencies\DotNetZip\Unity.VisualScripting.IonicZip.dll
Native extension for WindowsStandalone target not found
Native extension for Android target not found
Refreshing native plugins compatible for Editor in 0.43 ms, found 3 plugins.
Preloading 0 native plugins for Editor in 0.00 ms.
Mono: successfully reloaded assembly
- Completed reload, in  0.879 seconds
Domain Reload Profiling:
	ReloadAssembly (880ms)
		BeginReloadAssembly (102ms)
			ExecutionOrderSort (0ms)
			DisableScriptedObjects (5ms)
			BackupInstance (0ms)
			ReleaseScriptingObjects (0ms)
			CreateAndSetChildDomain (18ms)
		EndReloadAssembly (684ms)
			LoadAssemblies (73ms)
			RebuildTransferFunctionScriptingTraits (0ms)
			SetupTypeCache (236ms)
			ReleaseScriptCaches (0ms)
			RebuildScriptCaches (48ms)
			SetupLoadedEditorAssemblies (296ms)
				LogAssemblyErrors (0ms)
				InitializePlatformSupportModulesInManaged (15ms)
				SetLoadedEditorAssemblies (0ms)
				RefreshPlugins (0ms)
				BeforeProcessingInitializeOnLoad (69ms)
				ProcessInitializeOnLoadAttributes (186ms)
				ProcessInitializeOnLoadMethodAttributes (17ms)
				AfterProcessingInitializeOnLoad (7ms)
				EditorAssembliesLoaded (0ms)
			ExecutionOrderSort2 (0ms)
			AwakeInstancesAfterBackupRestoration (4ms)
Platform modules already initialized, skipping
========================================================================
Worker process is ready to serve import requests
Launched and connected shader compiler UnityShaderCompiler.exe after 0.03 seconds
Refreshing native plugins compatible for Editor in 0.44 ms, found 3 plugins.
Preloading 0 native plugins for Editor in 0.00 ms.
Unloading 3047 Unused Serialized files (Serialized files now loaded: 0)
Unloading 22 unused Assets / (56.5 KB). Loaded Objects now: 3511.
Memory consumption went from 107.5 MB to 107.5 MB.
Total: 2.447500 ms (FindLiveObjects: 0.213700 ms CreateObjectMapping: 0.158700 ms MarkObjects: 2.009500 ms  DeleteObjects: 0.065200 ms)

AssetImportParameters requested are different than current active one (requested -> active):
  custom:video-decoder-ogg-theora: a1e56fd34408186e4bbccfd4996cb3dc -> 
  custom:container-muxer-webm: aa71ff27fc2769a1b78a27578f13a17b -> 
  custom:container-demuxer-webm: 4f35f7cbe854078d1ac9338744f61a02 -> 
  custom:video-encoder-webm-vp8: eb34c28f22e8b96e1ab97ce403110664 -> 
  custom:audio-encoder-webm-vorbis: bf7c407c2cedff20999df2af8eb42d56 -> 
  custom:framework-win-MediaFoundation: 216162199b28c13a410421893ffa2e32 -> 
  custom:container-demuxer-ogg: 62fdf1f143b41e24485cea50d1cbac27 -> 
  custom:video-decoder-webm-vp8: 9c59270c3fd7afecdb556c50c9e8de78 -> 
  custom:audio-decoder-ogg-vorbis: bf7c407c2cedff20999df2af8eb42d56 -> 
========================================================================
Received Import Request.
  Time since last request: 8330.980273 seconds.
  path: Assets/Stack Maker/Prelab/Brick.prefab
  artifactKey: Guid(3bcda926cc085124b97ef5b8a4c55927) Importer(815301076,1909f56bfc062723c751e8b465ee728b)
Start importing Assets/Stack Maker/Prelab/Brick.prefab using Guid(3bcda926cc085124b97ef5b8a4c55927) Importer(815301076,1909f56bfc062723c751e8b465ee728b)  -> (artifact id: 'c696260ebc50a24df95f50e30ebd40bf') in 0.145060 seconds 
========================================================================
Received Import Request.
  Time since last request: 107.817554 seconds.
  path: Assets/Stack Maker/Prelab/Brick.prefab
  artifactKey: Guid(3bcda926cc085124b97ef5b8a4c55927) Importer(815301076,1909f56bfc062723c751e8b465ee728b)
Start importing Assets/Stack Maker/Prelab/Brick.prefab using Guid(3bcda926cc085124b97ef5b8a4c55927) Importer(815301076,1909f56bfc062723c751e8b465ee728b)  -> (artifact id: '782369f9cf57c309d81ce09474d8cb66') in 0.018124 seconds 
========================================================================
Received Import Request.
  Time since last request: 2.167199 seconds.
  path: Assets/Stack Maker/Prelab/Brick.prefab
  artifactKey: Guid(3bcda926cc085124b97ef5b8a4c55927) Importer(815301076,1909f56bfc062723c751e8b465ee728b)
Start importing Assets/Stack Maker/Prelab/Brick.prefab using Guid(3bcda926cc085124b97ef5b8a4c55927) Importer(815301076,1909f56bfc062723c751e8b465ee728b)  -> (artifact id: '320505e8484ca13bc041ae3443a039e2') in 0.019186 seconds 
========================================================================
Received Import Request.
  Time since last request: 52.478836 seconds.
  path: Assets/Stack Maker/Prelab/Line.prefab
  artifactKey: Guid(a0d43700f83fef945930513ebfeaf560) Importer(815301076,1909f56bfc062723c751e8b465ee728b)
Start importing Assets/Stack Maker/Prelab/Line.prefab using Guid(a0d43700f83fef945930513ebfeaf560) Importer(815301076,1909f56bfc062723c751e8b465ee728b)  -> (artifact id: 'f24df23e750225f1bdc1acc48279af1f') in 0.012875 seconds 
========================================================================
Received Import Request.
  Time since last request: 4.520340 seconds.
  path: Assets/Stack Maker/Prelab/Brick (1).prefab
  artifactKey: Guid(ccaa3aac12aaf9b418d843aac5959ee6) Importer(815301076,1909f56bfc062723c751e8b465ee728b)
Start importing Assets/Stack Maker/Prelab/Brick (1).prefab using Guid(ccaa3aac12aaf9b418d843aac5959ee6) Importer(815301076,1909f56bfc062723c751e8b465ee728b)  -> (artifact id: 'cc2e3d16442e7e34b10d7be08e26dc9b') in 0.012322 seconds 
========================================================================
Received Import Request.
  Time since last request: 143.492465 seconds.
  path: Assets/Stack Maker/Prelab/Brick (1).prefab
  artifactKey: Guid(ccaa3aac12aaf9b418d843aac5959ee6) Importer(815301076,1909f56bfc062723c751e8b465ee728b)
Start importing Assets/Stack Maker/Prelab/Brick (1).prefab using Guid(ccaa3aac12aaf9b418d843aac5959ee6) Importer(815301076,1909f56bfc062723c751e8b465ee728b)  -> (artifact id: '9682821b29b1ada0c4f4b7fca1c08dbe') in 0.012394 seconds 
