Using pre-set license
Built from '2021.3/staging' branch; Version is '2021.3.21f1 (1b156197d683) revision 1774945'; Using compiler version '192829333'; Build Type 'Release'
OS: 'Windows 10  (10.0.19044) 64bit CoreSingleLanguage' Language: 'en' Physical Memory: 16205 MB
BatchMode: 1, IsHumanControllingUs: 0, StartBugReporterOnCrash: 0, Is64bit: 1, IsPro: 1

COMMAND LINE ARGUMENTS:
C:\Program Files\Unity\Hub\Editor\2021.3.21f1\Editor\Unity.exe
-adb2
-batchMode
-noUpm
-name
AssetImportWorker0
-projectPath
C:/Users/NNT.Koala/OneDrive/Tài liệu/GitHub/Project1/StackMaker
-logFile
Logs/AssetImportWorker0.log
-srvPort
51811
Successfully changed project path to: C:/Users/NNT.Koala/OneDrive/Tài liệu/GitHub/Project1/StackMaker
C:/Users/NNT.Koala/OneDrive/Tài liệu/GitHub/Project1/StackMaker
[UnityMemory] Configuration Parameters - Can be set up in boot.config
    "memorysetup-bucket-allocator-granularity=16"
    "memorysetup-bucket-allocator-bucket-count=8"
    "memorysetup-bucket-allocator-block-size=33554432"
    "memorysetup-bucket-allocator-block-count=8"
    "memorysetup-main-allocator-block-size=16777216"
    "memorysetup-thread-allocator-block-size=16777216"
    "memorysetup-gfx-main-allocator-block-size=16777216"
    "memorysetup-gfx-thread-allocator-block-size=16777216"
    "memorysetup-cache-allocator-block-size=4194304"
    "memorysetup-typetree-allocator-block-size=2097152"
    "memorysetup-profiler-bucket-allocator-granularity=16"
    "memorysetup-profiler-bucket-allocator-bucket-count=8"
    "memorysetup-profiler-bucket-allocator-block-size=33554432"
    "memorysetup-profiler-bucket-allocator-block-count=8"
    "memorysetup-profiler-allocator-block-size=16777216"
    "memorysetup-profiler-editor-allocator-block-size=1048576"
    "memorysetup-temp-allocator-size-main=16777216"
    "memorysetup-job-temp-allocator-block-size=2097152"
    "memorysetup-job-temp-allocator-block-size-background=1048576"
    "memorysetup-job-temp-allocator-reduction-small-platforms=262144"
    "memorysetup-temp-allocator-size-background-worker=32768"
    "memorysetup-temp-allocator-size-job-worker=262144"
    "memorysetup-temp-allocator-size-preload-manager=33554432"
    "memorysetup-temp-allocator-size-nav-mesh-worker=65536"
    "memorysetup-temp-allocator-size-audio-worker=65536"
    "memorysetup-temp-allocator-size-cloud-worker=32768"
    "memorysetup-temp-allocator-size-gi-baking-worker=262144"
    "memorysetup-temp-allocator-size-gfx=262144"
Player connection [16988] Host "[IP] 26.124.15.71 [Port] 0 [Flags] 2 [Guid] 774974440 [EditorId] 774974440 [Version] 1048832 [Id] WindowsEditor(7,MSI) [Debug] 1 [PackageName] WindowsEditor [ProjectName] Editor" joined multi-casting on [225.0.0.222:54997]...

Player connection [16988] Host "[IP] 26.124.15.71 [Port] 0 [Flags] 2 [Guid] 774974440 [EditorId] 774974440 [Version] 1048832 [Id] WindowsEditor(7,MSI) [Debug] 1 [PackageName] WindowsEditor [ProjectName] Editor" joined alternative multi-casting on [225.0.0.222:34997]...

Refreshing native plugins compatible for Editor in 76.52 ms, found 3 plugins.
Preloading 0 native plugins for Editor in 0.00 ms.
Initialize engine version: 2021.3.21f1 (1b156197d683)
[Subsystems] Discovering subsystems at path C:/Program Files/Unity/Hub/Editor/2021.3.21f1/Editor/Data/Resources/UnitySubsystems
[Subsystems] Discovering subsystems at path C:/Users/NNT.Koala/OneDrive/Tài liệu/GitHub/Project1/StackMaker/Assets
GfxDevice: creating device client; threaded=0; jobified=0
Direct3D:
    Version:  Direct3D 11.0 [level 11.1]
    Renderer: NVIDIA GeForce GTX 1650 Ti (ID=0x1f95)
    Vendor:   NVIDIA
    VRAM:     3962 MB
    Driver:   30.0.15.1277
Initialize mono
Mono path[0] = 'C:/Program Files/Unity/Hub/Editor/2021.3.21f1/Editor/Data/Managed'
Mono path[1] = 'C:/Program Files/Unity/Hub/Editor/2021.3.21f1/Editor/Data/MonoBleedingEdge/lib/mono/unityjit-win32'
Mono config path = 'C:/Program Files/Unity/Hub/Editor/2021.3.21f1/Editor/Data/MonoBleedingEdge/etc'
Using monoOptions --debugger-agent=transport=dt_socket,embedding=1,server=y,suspend=n,address=127.0.0.1:56184
Begin MonoManager ReloadAssembly
Registering precompiled unity dll's ...
Register platform support module: C:/Program Files/Unity/Hub/Editor/2021.3.21f1/Editor/Data/PlaybackEngines/AndroidPlayer/UnityEditor.Android.Extensions.dll
Register platform support module: C:/Program Files/Unity/Hub/Editor/2021.3.21f1/Editor/Data/PlaybackEngines/WindowsStandaloneSupport/UnityEditor.WindowsStandalone.Extensions.dll
Registered in 0.007597 seconds.
Native extension for WindowsStandalone target not found
Native extension for Android target not found
Android Extension - Scanning For ADB Devices 199 ms
Refreshing native plugins compatible for Editor in 67.70 ms, found 3 plugins.
Preloading 0 native plugins for Editor in 0.00 ms.
Mono: successfully reloaded assembly
- Completed reload, in  0.822 seconds
Domain Reload Profiling:
	ReloadAssembly (823ms)
		BeginReloadAssembly (80ms)
			ExecutionOrderSort (0ms)
			DisableScriptedObjects (0ms)
			BackupInstance (0ms)
			ReleaseScriptingObjects (0ms)
			CreateAndSetChildDomain (1ms)
		EndReloadAssembly (650ms)
			LoadAssemblies (78ms)
			RebuildTransferFunctionScriptingTraits (0ms)
			SetupTypeCache (104ms)
			ReleaseScriptCaches (0ms)
			RebuildScriptCaches (26ms)
			SetupLoadedEditorAssemblies (470ms)
				LogAssemblyErrors (0ms)
				InitializePlatformSupportModulesInManaged (266ms)
				SetLoadedEditorAssemblies (0ms)
				RefreshPlugins (68ms)
				BeforeProcessingInitializeOnLoad (2ms)
				ProcessInitializeOnLoadAttributes (90ms)
				ProcessInitializeOnLoadMethodAttributes (45ms)
				AfterProcessingInitializeOnLoad (0ms)
				EditorAssembliesLoaded (0ms)
			ExecutionOrderSort2 (0ms)
			AwakeInstancesAfterBackupRestoration (0ms)
Platform modules already initialized, skipping
Registering precompiled user dll's ...
Registered in 0.007821 seconds.
Begin MonoManager ReloadAssembly
Symbol file LoadedFromMemory doesn't match image C:\Users\NNT.Koala\OneDrive\Tài liệu\GitHub\Project1\StackMaker\Library\PackageCache\com.unity.visualscripting@1.8.0\Editor\VisualScripting.Core\Dependencies\YamlDotNet\Unity.VisualScripting.YamlDotNet.dll
Symbol file LoadedFromMemory doesn't match image C:\Users\NNT.Koala\OneDrive\Tài liệu\GitHub\Project1\StackMaker\Library\PackageCache\com.unity.visualscripting@1.8.0\Editor\VisualScripting.Core\Dependencies\DotNetZip\Unity.VisualScripting.IonicZip.dll
Native extension for WindowsStandalone target not found
Native extension for Android target not found
Refreshing native plugins compatible for Editor in 0.43 ms, found 3 plugins.
Preloading 0 native plugins for Editor in 0.00 ms.
Mono: successfully reloaded assembly
- Completed reload, in  0.939 seconds
Domain Reload Profiling:
	ReloadAssembly (940ms)
		BeginReloadAssembly (111ms)
			ExecutionOrderSort (0ms)
			DisableScriptedObjects (5ms)
			BackupInstance (0ms)
			ReleaseScriptingObjects (0ms)
			CreateAndSetChildDomain (18ms)
		EndReloadAssembly (726ms)
			LoadAssemblies (82ms)
			RebuildTransferFunctionScriptingTraits (0ms)
			SetupTypeCache (242ms)
			ReleaseScriptCaches (1ms)
			RebuildScriptCaches (50ms)
			SetupLoadedEditorAssemblies (321ms)
				LogAssemblyErrors (0ms)
				InitializePlatformSupportModulesInManaged (19ms)
				SetLoadedEditorAssemblies (0ms)
				RefreshPlugins (0ms)
				BeforeProcessingInitializeOnLoad (73ms)
				ProcessInitializeOnLoadAttributes (204ms)
				ProcessInitializeOnLoadMethodAttributes (17ms)
				AfterProcessingInitializeOnLoad (8ms)
				EditorAssembliesLoaded (0ms)
			ExecutionOrderSort2 (0ms)
			AwakeInstancesAfterBackupRestoration (5ms)
Platform modules already initialized, skipping
========================================================================
Worker process is ready to serve import requests
Launched and connected shader compiler UnityShaderCompiler.exe after 0.03 seconds
Refreshing native plugins compatible for Editor in 0.46 ms, found 3 plugins.
Preloading 0 native plugins for Editor in 0.00 ms.
Unloading 3047 Unused Serialized files (Serialized files now loaded: 0)
Unloading 22 unused Assets / (56.5 KB). Loaded Objects now: 3511.
Memory consumption went from 107.5 MB to 107.5 MB.
Total: 2.472400 ms (FindLiveObjects: 0.242300 ms CreateObjectMapping: 0.207300 ms MarkObjects: 1.961700 ms  DeleteObjects: 0.060500 ms)

AssetImportParameters requested are different than current active one (requested -> active):
  custom:video-decoder-ogg-theora: a1e56fd34408186e4bbccfd4996cb3dc -> 
  custom:container-muxer-webm: aa71ff27fc2769a1b78a27578f13a17b -> 
  custom:container-demuxer-webm: 4f35f7cbe854078d1ac9338744f61a02 -> 
  custom:video-encoder-webm-vp8: eb34c28f22e8b96e1ab97ce403110664 -> 
  custom:audio-encoder-webm-vorbis: bf7c407c2cedff20999df2af8eb42d56 -> 
  custom:framework-win-MediaFoundation: 216162199b28c13a410421893ffa2e32 -> 
  custom:container-demuxer-ogg: 62fdf1f143b41e24485cea50d1cbac27 -> 
  custom:video-decoder-webm-vp8: 9c59270c3fd7afecdb556c50c9e8de78 -> 
  custom:audio-decoder-ogg-vorbis: bf7c407c2cedff20999df2af8eb42d56 -> 
========================================================================
Received Import Request.
  Time since last request: 7279.270465 seconds.
  path: Assets/Stack Maker/Prelab
  artifactKey: Guid(e247f704c39093d4d879d1f2f3e5c2f1) Importer(815301076,1909f56bfc062723c751e8b465ee728b)
Start importing Assets/Stack Maker/Prelab using Guid(e247f704c39093d4d879d1f2f3e5c2f1) Importer(815301076,1909f56bfc062723c751e8b465ee728b)  -> (artifact id: '2aa5b557aed7cb7ae56e5e96918da96a') in 0.011135 seconds 
========================================================================
Received Import Request.
  Time since last request: 32.500791 seconds.
  path: Assets/Stack Maker/Prelab/Brick.prefab
  artifactKey: Guid(3bcda926cc085124b97ef5b8a4c55927) Importer(815301076,1909f56bfc062723c751e8b465ee728b)
Start importing Assets/Stack Maker/Prelab/Brick.prefab using Guid(3bcda926cc085124b97ef5b8a4c55927) Importer(815301076,1909f56bfc062723c751e8b465ee728b)  -> (artifact id: 'ec0668aa6618aee25aa52d38e092ff4e') in 0.101772 seconds 
========================================================================
Received Import Request.
  Time since last request: 70.129996 seconds.
  path: Assets/Stack Maker/Prelab/Line.prefab
  artifactKey: Guid(a0d43700f83fef945930513ebfeaf560) Importer(815301076,1909f56bfc062723c751e8b465ee728b)
Start importing Assets/Stack Maker/Prelab/Line.prefab using Guid(a0d43700f83fef945930513ebfeaf560) Importer(815301076,1909f56bfc062723c751e8b465ee728b)  -> (artifact id: '454de85ae3c9f5a87e98db9cbc4ffc78') in 0.016425 seconds 
========================================================================
Received Import Request.
  Time since last request: 729.930038 seconds.
  path: Assets/Stack Maker/_MazeMakerAssets/Resources/Font/+.png
  artifactKey: Guid(2500a2b542cede949bde33460ef73001) Importer(815301076,1909f56bfc062723c751e8b465ee728b)
Start importing Assets/Stack Maker/_MazeMakerAssets/Resources/Font/+.png using Guid(2500a2b542cede949bde33460ef73001) Importer(815301076,1909f56bfc062723c751e8b465ee728b)  -> (artifact id: 'c96d2c636e20676789d72901c03561a4') in 0.045467 seconds 
========================================================================
Received Import Request.
  Time since last request: 0.000037 seconds.
  path: Assets/Stack Maker/_MazeMakerAssets/Resources/Font/4.png
  artifactKey: Guid(98a7f6a8128846c45840b4ff59a8bf0a) Importer(815301076,1909f56bfc062723c751e8b465ee728b)
Start importing Assets/Stack Maker/_MazeMakerAssets/Resources/Font/4.png using Guid(98a7f6a8128846c45840b4ff59a8bf0a) Importer(815301076,1909f56bfc062723c751e8b465ee728b)  -> (artifact id: 'eb99e0d384cf87ddf9da1decb8660c91') in 0.018822 seconds 
========================================================================
Received Import Request.
  Time since last request: 0.000015 seconds.
  path: Assets/Stack Maker/_MazeMakerAssets/Resources/Font/3.png
  artifactKey: Guid(8c448fce16bbd514193eb8b879c40ce8) Importer(815301076,1909f56bfc062723c751e8b465ee728b)
Start importing Assets/Stack Maker/_MazeMakerAssets/Resources/Font/3.png using Guid(8c448fce16bbd514193eb8b879c40ce8) Importer(815301076,1909f56bfc062723c751e8b465ee728b)  -> (artifact id: '76320028e6bd0c7ad9bce4ce97f5c087') in 0.011885 seconds 
========================================================================
Received Import Request.
  Time since last request: 0.000014 seconds.
  path: Assets/Stack Maker/_MazeMakerAssets/Resources/Font/getfont.mat
  artifactKey: Guid(e13199e97df33674a874cbfb72704a97) Importer(815301076,1909f56bfc062723c751e8b465ee728b)
Start importing Assets/Stack Maker/_MazeMakerAssets/Resources/Font/getfont.mat using Guid(e13199e97df33674a874cbfb72704a97) Importer(815301076,1909f56bfc062723c751e8b465ee728b)  -> (artifact id: '655dfca006561a892c1e2a2c4a42bc4d') in 0.027182 seconds 
========================================================================
Received Import Request.
  Time since last request: 0.000013 seconds.
  path: Assets/Stack Maker/_MazeMakerAssets/Resources/Font/getfont.png
  artifactKey: Guid(26ce0da0140584f40bda14aac0a0f203) Importer(815301076,1909f56bfc062723c751e8b465ee728b)
Start importing Assets/Stack Maker/_MazeMakerAssets/Resources/Font/getfont.png using Guid(26ce0da0140584f40bda14aac0a0f203) Importer(815301076,1909f56bfc062723c751e8b465ee728b)  -> (artifact id: '935af7adb5de242f7b993880c9301118') in 0.009401 seconds 
========================================================================
Received Import Request.
  Time since last request: 0.000014 seconds.
  path: Assets/Stack Maker/_MazeMakerAssets/Resources/Font/1.png
  artifactKey: Guid(7410e2381e54f5b4bbd35957348d17f4) Importer(815301076,1909f56bfc062723c751e8b465ee728b)
Start importing Assets/Stack Maker/_MazeMakerAssets/Resources/Font/1.png using Guid(7410e2381e54f5b4bbd35957348d17f4) Importer(815301076,1909f56bfc062723c751e8b465ee728b)  -> (artifact id: '31386c9c93235dccd2427666352e7ada') in 0.012009 seconds 
========================================================================
Received Import Request.
  Time since last request: 0.000016 seconds.
  path: Assets/Stack Maker/_MazeMakerAssets/Resources/Font/9.png
  artifactKey: Guid(2e6208857e97c2640afd01bb27e59317) Importer(815301076,1909f56bfc062723c751e8b465ee728b)
Start importing Assets/Stack Maker/_MazeMakerAssets/Resources/Font/9.png using Guid(2e6208857e97c2640afd01bb27e59317) Importer(815301076,1909f56bfc062723c751e8b465ee728b)  -> (artifact id: 'af116b42ec839e8ecbfc40cc38ab1992') in 0.011690 seconds 
========================================================================
Received Import Request.
  Time since last request: 218.840761 seconds.
  path: Assets/Stack Maker/Prelab/Line.prefab
  artifactKey: Guid(a0d43700f83fef945930513ebfeaf560) Importer(815301076,1909f56bfc062723c751e8b465ee728b)
Start importing Assets/Stack Maker/Prelab/Line.prefab using Guid(a0d43700f83fef945930513ebfeaf560) Importer(815301076,1909f56bfc062723c751e8b465ee728b)  -> (artifact id: '3655fdc5ff71b6ee85d80d301f82b9b9') in 0.014316 seconds 
========================================================================
Received Import Request.
  Time since last request: 107.948207 seconds.
  path: Assets/Stack Maker/Prelab/Line.prefab
  artifactKey: Guid(a0d43700f83fef945930513ebfeaf560) Importer(815301076,1909f56bfc062723c751e8b465ee728b)
Start importing Assets/Stack Maker/Prelab/Line.prefab using Guid(a0d43700f83fef945930513ebfeaf560) Importer(815301076,1909f56bfc062723c751e8b465ee728b)  -> (artifact id: '530f65e430ed1019861d759a12e21b06') in 0.015333 seconds 
========================================================================
Received Import Request.
  Time since last request: 2.170063 seconds.
  path: Assets/Stack Maker/Prelab/Line.prefab
  artifactKey: Guid(a0d43700f83fef945930513ebfeaf560) Importer(815301076,1909f56bfc062723c751e8b465ee728b)
Start importing Assets/Stack Maker/Prelab/Line.prefab using Guid(a0d43700f83fef945930513ebfeaf560) Importer(815301076,1909f56bfc062723c751e8b465ee728b)  -> (artifact id: 'fced3b3764be3818b664b42ea207c8b8') in 0.018960 seconds 
